<?xml version="1.0" encoding="UTF-8"?>
<!-- Generated by org.testng.reporters.JUnitReportReporter -->
<testsuite hostname="DESKTOP-O8RAVM4" failures="1" tests="2" name="API_Test_Class.TestNG_Annotation_POJO_RestAsssured_Example" time="0.233" errors="0" timestamp="2024-11-23T00:02:42 IST" skipped="1">
  <testcase classname="API_Test_Class.TestNG_Annotation_POJO_RestAsssured_Example" name="testSetUp" time="0.232">
    <failure message="YAML data should not be null expected object to not be null" type="java.lang.AssertionError">
      <![CDATA[java.lang.AssertionError: YAML data should not be null expected object to not be null
at org.testng.Assert.fail(Assert.java:110)
at org.testng.Assert.assertNotNull(Assert.java:1483)
at API_Test_Class.TestNG_Annotation_POJO_RestAsssured_Example.testSetUp(TestNG_Annotation_POJO_RestAsssured_Example.java:42)
at java.base/jdk.internal.reflect.DirectMethodHandleAccessor.invoke(DirectMethodHandleAccessor.java:103)
at java.base/java.lang.reflect.Method.invoke(Method.java:580)
at org.testng.internal.invokers.MethodInvocationHelper.invokeMethod(MethodInvocationHelper.java:139)
at org.testng.internal.invokers.MethodInvocationHelper.invokeMethodConsideringTimeout(MethodInvocationHelper.java:69)
at org.testng.internal.invokers.ConfigInvoker.invokeConfigurationMethod(ConfigInvoker.java:361)
at org.testng.internal.invokers.ConfigInvoker.invokeConfigurations(ConfigInvoker.java:296)
at org.testng.internal.invokers.TestMethodWorker.invokeBeforeClassMethods(TestMethodWorker.java:180)
at org.testng.internal.invokers.TestMethodWorker.run(TestMethodWorker.java:122)
at java.base/java.util.concurrent.ThreadPoolExecutor.runWorker(ThreadPoolExecutor.java:1144)
at java.base/java.util.concurrent.ThreadPoolExecutor$Worker.run(ThreadPoolExecutor.java:642)
at java.base/java.lang.Thread.run(Thread.java:1583)
]]>
    </failure>
  </testcase> <!-- testSetUp -->
  <system-out/>
  <testcase classname="API_Test_Class.TestNG_Annotation_POJO_RestAsssured_Example" name="validator" time="0.001">
    <skipped/>
  </testcase> <!-- validator -->
  <system-out/>
</testsuite> <!-- API_Test_Class.TestNG_Annotation_POJO_RestAsssured_Example -->
