<?xml version="1.0" encoding="UTF-8"?>
<!-- Generated by org.testng.reporters.JUnitReportReporter -->
<testsuite hostname="Nihitslaptop" failures="0" tests="2" name="API_Test_Class.TestNG_Annotation_NestedJSON_POJO_GET_API_RestAssured_Example" time="1.770" errors="0" timestamp="2024-08-25T11:16:23 IST" skipped="0">
  <testcase classname="API_Test_Class.TestNG_Annotation_NestedJSON_POJO_GET_API_RestAssured_Example" name="validate_status_code" time="1.472"/>
  <system-out/>
  <testcase classname="API_Test_Class.TestNG_Annotation_NestedJSON_POJO_GET_API_RestAssured_Example" name="validate_response_body" time="0.298"/>
  <system-out/>
</testsuite> <!-- API_Test_Class.TestNG_Annotation_NestedJSON_POJO_GET_API_RestAssured_Example -->
