<?xml version="1.0" encoding="UTF-8"?>
<!-- Generated by org.testng.reporters.JUnitReportReporter -->
<testsuite hostname="DESKTOP-O8RAVM4" failures="0" tests="2" name="UI_Test_Class.TC_Amazon_Verify_Account_List_HyperLinks" time="20.103" errors="0" timestamp="2024-11-23T00:10:46 IST" skipped="0">
  <testcase classname="UI_Test_Class.TC_Amazon_Verify_Account_List_HyperLinks" name="validateListHyperlinks" time="15.266"/>
  <system-out/>
  <testcase classname="UI_Test_Class.TC_Amazon_Verify_Account_List_HyperLinks" name="launchAmazon" time="4.837"/>
  <system-out/>
</testsuite> <!-- UI_Test_Class.TC_Amazon_Verify_Account_List_HyperLinks -->
